<?xml version="1.0" encoding="UTF-8"?>
<!-- Generated by org.testng.reporters.JUnitReportReporter -->
<testsuite hostname="DESKTOP-R3FJD7M" failures="0" tests="4" name="api.test.UserTest" time="9.225" errors="0" timestamp="2024-02-01T12:58:22 GST" skipped="0">
  <testcase classname="api.test.UserTest" name="testPostUser" time="4.916"/>
  <system-out/>
  <testcase classname="api.test.UserTest" name="testGetUserByName" time="1.147"/>
  <system-out/>
  <testcase classname="api.test.UserTest" name="testUpdateUserByName" time="2.114"/>
  <system-out/>
  <testcase classname="api.test.UserTest" name="deleteUserByName" time="1.048"/>
  <system-out/>
</testsuite> <!-- api.test.UserTest -->
