<?xml version="1.0" encoding="UTF-8"?>
<!-- Generated by org.testng.reporters.JUnitReportReporter -->
<testsuite hostname="DESKTOP-R3FJD7M" failures="0" tests="6" name="api.test.DataDrivenTest" time="10.039" errors="0" timestamp="2024-02-01T13:55:15 GST" skipped="0">
  <testcase classname="api.test.DataDrivenTest" name="testPostUser" time="1.039"/>
  <system-out/>
  <testcase classname="api.test.DataDrivenTest" name="testPostUser" time="1.051"/>
  <system-out/>
  <testcase classname="api.test.DataDrivenTest" name="testPostUser" time="4.880"/>
  <system-out/>
  <testcase classname="api.test.DataDrivenTest" name="testDeleteUserByName" time="1.003"/>
  <system-out/>
  <testcase classname="api.test.DataDrivenTest" name="testDeleteUserByName" time="1.001"/>
  <system-out/>
  <testcase classname="api.test.DataDrivenTest" name="testDeleteUserByName" time="1.065"/>
  <system-out/>
</testsuite> <!-- api.test.DataDrivenTest -->
