<?xml version="1.0" encoding="UTF-8"?>
<!-- Generated by org.testng.reporters.JUnitReportReporter -->
<testsuite hostname="DESKTOP-R3FJD7M" failures="0" tests="4" name="api.test.UserTest" time="5.215" errors="0" timestamp="2024-02-01T13:55:15 GST" skipped="0">
  <testcase classname="api.test.UserTest" name="testPostUser" time="1.110"/>
  <system-out/>
  <testcase classname="api.test.UserTest" name="testGetUserByName" time="1.049"/>
  <system-out/>
  <testcase classname="api.test.UserTest" name="testUpdateUserByName" time="2.049"/>
  <system-out/>
  <testcase classname="api.test.UserTest" name="deleteUserByName" time="1.007"/>
  <system-out/>
</testsuite> <!-- api.test.UserTest -->
