<?xml version="1.0" encoding="UTF-8"?>
<!-- Generated by org.testng.reporters.JUnitReportReporter -->
<testsuite hostname="DESKTOP-R3FJD7M" failures="0" tests="4" name="api.test.UserTest2" time="9.052" errors="0" timestamp="2024-02-01T14:07:59 GST" skipped="0">
  <testcase classname="api.test.UserTest2" name="testPostUser" time="4.776"/>
  <system-out/>
  <testcase classname="api.test.UserTest2" name="testGetUserByName" time="1.114"/>
  <system-out/>
  <testcase classname="api.test.UserTest2" name="testUpdateUserByName" time="2.120"/>
  <system-out/>
  <testcase classname="api.test.UserTest2" name="deleteUserByName" time="1.042"/>
  <system-out/>
</testsuite> <!-- api.test.UserTest2 -->
